<?xml version="1.0" encoding="UTF-8"?>
<testng-results skipped="0" failed="0" ignored="1" total="2" passed="1">
  <reporter-output>
  </reporter-output>
  <suite name="Default suite" duration-ms="77384" started-at="2019-04-21T05:52:56Z" finished-at="2019-04-21T05:54:13Z">
    <groups>
    </groups>
    <test name="Default test" duration-ms="77384" started-at="2019-04-21T05:52:56Z" finished-at="2019-04-21T05:54:13Z">
      <class name="testScripts.Module2">
        <test-method status="PASS" signature="beforesuite()[pri:0, instance:testScripts.Module2@66d1af89]" name="beforesuite" is-config="true" duration-ms="219" started-at="2019-04-21T05:52:56Z" finished-at="2019-04-21T05:52:56Z">
          <reporter-output>
          </reporter-output>
        </test-method> <!-- beforesuite -->
        <test-method status="PASS" signature="BeforeClass()[pri:0, instance:testScripts.Module2@66d1af89]" name="BeforeClass" is-config="true" duration-ms="796" started-at="2019-04-21T05:52:56Z" finished-at="2019-04-21T05:52:57Z">
          <reporter-output>
          </reporter-output>
        </test-method> <!-- BeforeClass -->
        <test-method status="PASS" signature="beforemethod(java.lang.reflect.Method)[pri:0, instance:testScripts.Module2@66d1af89]" name="beforemethod" is-config="true" duration-ms="47" started-at="2019-04-21T05:52:57Z" finished-at="2019-04-21T05:52:57Z">
          <params>
            <param index="0">
              <value>
                <![CDATA[public void testScripts.Module2.TC202()]]>
              </value>
            </param>
          </params>
          <reporter-output>
          </reporter-output>
        </test-method> <!-- beforemethod -->
        <test-method status="PASS" signature="TC202()[pri:0, instance:testScripts.Module2@66d1af89]" name="TC202" duration-ms="75418" started-at="2019-04-21T05:52:57Z" finished-at="2019-04-21T05:54:12Z">
          <reporter-output>
          </reporter-output>
        </test-method> <!-- TC202 -->
        <test-method status="PASS" signature="aftermethod(org.testng.ITestResult)[pri:0, instance:testScripts.Module2@66d1af89]" name="aftermethod" is-config="true" duration-ms="1078" started-at="2019-04-21T05:54:12Z" finished-at="2019-04-21T05:54:13Z">
          <params>
            <param index="0">
              <value>
                <![CDATA[[TestResult name=TC202 status=SUCCESS method=Module2.TC202()[pri:0, instance:testScripts.Module2@66d1af89] output={null}]]]>
              </value>
            </param>
          </params>
          <reporter-output>
          </reporter-output>
        </test-method> <!-- aftermethod -->
        <test-method status="PASS" signature="AfterClass()[pri:0, instance:testScripts.Module2@66d1af89]" name="AfterClass" is-config="true" duration-ms="0" started-at="2019-04-21T05:54:13Z" finished-at="2019-04-21T05:54:13Z">
          <reporter-output>
          </reporter-output>
        </test-method> <!-- AfterClass -->
        <test-method status="PASS" signature="aftersuite()[pri:0, instance:testScripts.Module2@66d1af89]" name="aftersuite" is-config="true" duration-ms="24149" started-at="2019-04-21T05:54:14Z" finished-at="2019-04-21T05:54:38Z">
          <reporter-output>
          </reporter-output>
        </test-method> <!-- aftersuite -->
      </class> <!-- testScripts.Module2 -->
    </test> <!-- Default test -->
  </suite> <!-- Default suite -->
</testng-results>
