<?xml version="1.0" encoding="UTF-8"?>
<testng-results skipped="0" failed="0" ignored="2" total="4" passed="2">
  <reporter-output>
  </reporter-output>
  <suite name="Suite" duration-ms="51801" started-at="2019-04-21T16:16:11Z" finished-at="2019-04-21T16:17:02Z">
    <groups>
    </groups>
    <test name="Test" duration-ms="51801" started-at="2019-04-21T16:16:11Z" finished-at="2019-04-21T16:17:02Z">
      <class name="testScripts.Module2">
        <test-method status="PASS" signature="BeforeClass()[pri:0, instance:testScripts.Module2@192d3247]" name="BeforeClass" is-config="true" duration-ms="56" started-at="2019-04-21T16:16:38Z" finished-at="2019-04-21T16:16:38Z">
          <reporter-output>
          </reporter-output>
        </test-method> <!-- BeforeClass -->
        <test-method status="PASS" signature="beforemethod(java.lang.reflect.Method)[pri:0, instance:testScripts.Module2@192d3247]" name="beforemethod" is-config="true" duration-ms="28" started-at="2019-04-21T16:16:38Z" finished-at="2019-04-21T16:16:38Z">
          <params>
            <param index="0">
              <value>
                <![CDATA[public void testScripts.Module2.TC201()]]>
              </value>
            </param>
          </params>
          <reporter-output>
          </reporter-output>
        </test-method> <!-- beforemethod -->
        <test-method status="PASS" signature="TC201()[pri:0, instance:testScripts.Module2@192d3247]" name="TC201" duration-ms="24110" started-at="2019-04-21T16:16:38Z" finished-at="2019-04-21T16:17:02Z">
          <reporter-output>
          </reporter-output>
        </test-method> <!-- TC201 -->
        <test-method status="PASS" signature="aftermethod(org.testng.ITestResult)[pri:0, instance:testScripts.Module2@192d3247]" name="aftermethod" is-config="true" duration-ms="144" started-at="2019-04-21T16:17:02Z" finished-at="2019-04-21T16:17:02Z">
          <params>
            <param index="0">
              <value>
                <![CDATA[[TestResult name=TC201 status=SUCCESS method=Module2.TC201()[pri:0, instance:testScripts.Module2@192d3247] output={null}]]]>
              </value>
            </param>
          </params>
          <reporter-output>
          </reporter-output>
        </test-method> <!-- aftermethod -->
        <test-method status="PASS" signature="AfterClass()[pri:0, instance:testScripts.Module2@192d3247]" name="AfterClass" is-config="true" duration-ms="0" started-at="2019-04-21T16:17:02Z" finished-at="2019-04-21T16:17:02Z">
          <reporter-output>
          </reporter-output>
        </test-method> <!-- AfterClass -->
      </class> <!-- testScripts.Module2 -->
      <class name="testScripts.Module1">
        <test-method status="PASS" signature="beforesuite()[pri:0, instance:testScripts.Module1@7cbd213e]" name="beforesuite" is-config="true" duration-ms="172" started-at="2019-04-21T16:16:10Z" finished-at="2019-04-21T16:16:11Z">
          <reporter-output>
          </reporter-output>
        </test-method> <!-- beforesuite -->
        <test-method status="PASS" signature="BeforeClass()[pri:0, instance:testScripts.Module1@7cbd213e]" name="BeforeClass" is-config="true" duration-ms="820" started-at="2019-04-21T16:16:11Z" finished-at="2019-04-21T16:16:11Z">
          <reporter-output>
          </reporter-output>
        </test-method> <!-- BeforeClass -->
        <test-method status="PASS" signature="beforemethod(java.lang.reflect.Method)[pri:0, instance:testScripts.Module1@7cbd213e]" name="beforemethod" is-config="true" duration-ms="120" started-at="2019-04-21T16:16:11Z" finished-at="2019-04-21T16:16:11Z">
          <params>
            <param index="0">
              <value>
                <![CDATA[public void testScripts.Module1.TC101()]]>
              </value>
            </param>
          </params>
          <reporter-output>
          </reporter-output>
        </test-method> <!-- beforemethod -->
        <test-method status="PASS" signature="TC101()[pri:0, instance:testScripts.Module1@7cbd213e]" name="TC101" duration-ms="25868" started-at="2019-04-21T16:16:11Z" finished-at="2019-04-21T16:16:37Z">
          <reporter-output>
          </reporter-output>
        </test-method> <!-- TC101 -->
        <test-method status="PASS" signature="aftermethod(org.testng.ITestResult)[pri:0, instance:testScripts.Module1@7cbd213e]" name="aftermethod" is-config="true" duration-ms="608" started-at="2019-04-21T16:16:37Z" finished-at="2019-04-21T16:16:38Z">
          <params>
            <param index="0">
              <value>
                <![CDATA[[TestResult name=TC101 status=SUCCESS method=Module1.TC101()[pri:0, instance:testScripts.Module1@7cbd213e] output={null}]]]>
              </value>
            </param>
          </params>
          <reporter-output>
          </reporter-output>
        </test-method> <!-- aftermethod -->
        <test-method status="PASS" signature="AfterClass()[pri:0, instance:testScripts.Module1@7cbd213e]" name="AfterClass" is-config="true" duration-ms="0" started-at="2019-04-21T16:16:38Z" finished-at="2019-04-21T16:16:38Z">
          <reporter-output>
          </reporter-output>
        </test-method> <!-- AfterClass -->
        <test-method status="PASS" signature="aftersuite()[pri:0, instance:testScripts.Module1@7cbd213e]" name="aftersuite" is-config="true" duration-ms="5522" started-at="2019-04-21T16:17:02Z" finished-at="2019-04-21T16:17:08Z">
          <reporter-output>
          </reporter-output>
        </test-method> <!-- aftersuite -->
      </class> <!-- testScripts.Module1 -->
    </test> <!-- Test -->
  </suite> <!-- Suite -->
</testng-results>
